{"contracts/AAGToken.sol":{"l":{"122":3,"123":3,"124":3,"125":3,"126":3,"134":4,"135":2,"136":2,"140":2,"146":4,"147":4,"148":2,"149":2,"153":2,"154":2,"155":2,"159":2,"160":2,"161":2,"167":8,"168":8,"172":8,"173":8,"174":4,"180":0,"181":0,"182":0,"183":0,"185":0,"190":3,"191":0,"192":0,"193":0,"195":3,"204":4,"205":0,"206":0,"207":0,"209":4,"214":2,"215":0,"216":0,"217":0,"219":2,"224":0,"225":0,"226":0,"227":0,"229":0,"234":16,"235":16,"241":0,"245":0,"246":0,"247":0,"252":0,"253":0,"257":0,"258":0,"259":0,"263":0,"264":0,"265":0,"266":0,"270":0,"271":0,"272":0,"276":0,"277":0,"278":0,"279":0,"280":0,"284":0,"285":0,"286":0,"292":0,"296":0,"300":0,"304":0,"308":12,"312":3,"313":3,"317":0,"321":0,"322":0,"323":0,"331":4,"333":4,"334":4,"335":2,"337":2,"341":2,"342":2,"346":0,"347":0,"348":0,"350":0,"358":13,"359":13,"361":13,"362":13,"363":13,"364":13,"366":13,"370":3,"372":3,"373":3,"374":3,"382":4,"383":4,"385":4,"386":4},"path":"/Users/mariussilenskis/AAGDevelopment/aag-token/contracts/AAGToken.sol","s":{"1":3,"2":3,"3":3,"4":3,"5":3,"6":4,"7":2,"8":2,"9":2,"10":4,"11":4,"12":2,"13":2,"14":2,"15":2,"16":2,"17":2,"18":2,"19":2,"20":8,"21":8,"22":8,"23":0,"24":0,"25":0,"26":3,"27":0,"28":0,"29":4,"30":0,"31":0,"32":2,"33":0,"34":0,"35":0,"36":0,"37":0,"38":16,"39":0,"40":0,"41":0,"42":0,"43":0,"44":0,"45":0,"46":0,"47":0,"48":0,"49":0,"50":0,"51":0,"52":0,"53":0,"54":0,"55":0,"56":0,"57":0,"58":0,"59":0,"60":0,"61":0,"62":0,"63":0,"64":0,"65":0,"66":0,"67":12,"68":3,"69":3,"70":0,"71":0,"72":0,"73":0,"74":4,"75":4,"76":4,"77":2,"78":2,"79":2,"80":2,"81":0,"82":0,"83":0,"84":0,"85":13,"86":13,"87":13,"88":13,"89":13,"90":13,"91":13,"92":3,"93":3,"94":3,"95":3,"96":4,"97":4,"98":4,"99":4},"b":{"1":[2,2],"2":[2,0],"3":[4,0],"4":[2,2],"5":[2,0],"6":[2,0],"7":[8,0],"8":[8,0],"9":[4,4],"10":[0,0],"11":[0,3],"12":[0,4],"13":[0,2],"14":[0,0],"15":[16,0],"16":[0,0],"17":[0,0],"18":[0,0],"19":[0,0],"20":[0,0],"21":[0,0],"22":[2,2],"23":[0,0],"24":[13,0],"25":[13,0],"26":[13,0],"27":[3,0],"28":[4,0],"29":[4,0]},"f":{"1":3,"2":4,"3":2,"4":4,"5":2,"6":2,"7":8,"8":8,"9":0,"10":3,"11":4,"12":2,"13":0,"14":16,"15":0,"16":0,"17":0,"18":0,"19":0,"20":0,"21":0,"22":0,"23":0,"24":0,"25":0,"26":0,"27":12,"28":3,"29":0,"30":0,"31":4,"32":2,"33":0,"34":13,"35":3,"36":4},"fnMap":{"1":{"name":"constructor","line":116,"loc":{"start":{"line":116,"column":2},"end":{"line":127,"column":2}}},"2":{"name":"setTokenBirthday","line":133,"loc":{"start":{"line":133,"column":2},"end":{"line":137,"column":2}}},"3":{"name":"getBirthdayDate","line":139,"loc":{"start":{"line":139,"column":2},"end":{"line":141,"column":2}}},"4":{"name":"claimInitialPoolTokens","line":145,"loc":{"start":{"line":145,"column":2},"end":{"line":150,"column":2}}},"5":{"name":"claimTreasuryTokens","line":152,"loc":{"start":{"line":152,"column":2},"end":{"line":156,"column":2}}},"6":{"name":"claimVestingTokens","line":158,"loc":{"start":{"line":158,"column":2},"end":{"line":162,"column":2}}},"7":{"name":"tokenBirthdayDefined","line":166,"loc":{"start":{"line":166,"column":2},"end":{"line":169,"column":2}}},"8":{"name":"lockUpFinished","line":171,"loc":{"start":{"line":171,"column":2},"end":{"line":175,"column":2}}},"9":{"name":"lssAprove","line":179,"loc":{"start":{"line":179,"column":2},"end":{"line":187,"column":2}}},"10":{"name":"lssTransfer","line":189,"loc":{"start":{"line":189,"column":2},"end":{"line":197,"column":2}}},"11":{"name":"lssTransferFrom","line":199,"loc":{"start":{"line":199,"column":2},"end":{"line":211,"column":2}}},"12":{"name":"lssIncreaseAllowance","line":213,"loc":{"start":{"line":213,"column":2},"end":{"line":221,"column":2}}},"13":{"name":"lssDecreaseAllowance","line":223,"loc":{"start":{"line":223,"column":2},"end":{"line":231,"column":2}}},"14":{"name":"onlyRecoveryAdmin","line":233,"loc":{"start":{"line":233,"column":2},"end":{"line":236,"column":2}}},"15":{"name":"getAdmin","line":240,"loc":{"start":{"line":240,"column":2},"end":{"line":242,"column":2}}},"16":{"name":"transferOutBlacklistedFunds","line":244,"loc":{"start":{"line":244,"column":2},"end":{"line":249,"column":2}}},"17":{"name":"setLosslessAdmin","line":251,"loc":{"start":{"line":251,"column":2},"end":{"line":254,"column":2}}},"18":{"name":"transferRecoveryAdminOwnership","line":256,"loc":{"start":{"line":256,"column":2},"end":{"line":260,"column":2}}},"19":{"name":"acceptRecoveryAdminOwnership","line":262,"loc":{"start":{"line":262,"column":2},"end":{"line":267,"column":2}}},"20":{"name":"proposeLosslessTurnOff","line":269,"loc":{"start":{"line":269,"column":2},"end":{"line":273,"column":2}}},"21":{"name":"executeLosslessTurnOff","line":275,"loc":{"start":{"line":275,"column":2},"end":{"line":281,"column":2}}},"22":{"name":"executeLosslessTurnOn","line":283,"loc":{"start":{"line":283,"column":2},"end":{"line":287,"column":2}}},"23":{"name":"name","line":291,"loc":{"start":{"line":291,"column":2},"end":{"line":293,"column":2}}},"24":{"name":"symbol","line":295,"loc":{"start":{"line":295,"column":2},"end":{"line":297,"column":2}}},"25":{"name":"decimals","line":299,"loc":{"start":{"line":299,"column":2},"end":{"line":301,"column":2}}},"26":{"name":"totalSupply","line":303,"loc":{"start":{"line":303,"column":2},"end":{"line":305,"column":2}}},"27":{"name":"balanceOf","line":307,"loc":{"start":{"line":307,"column":2},"end":{"line":309,"column":2}}},"28":{"name":"transfer","line":311,"loc":{"start":{"line":311,"column":2},"end":{"line":314,"column":2}}},"29":{"name":"allowance","line":316,"loc":{"start":{"line":316,"column":2},"end":{"line":318,"column":2}}},"30":{"name":"approve","line":320,"loc":{"start":{"line":320,"column":2},"end":{"line":324,"column":2}}},"31":{"name":"transferFrom","line":330,"loc":{"start":{"line":326,"column":2},"end":{"line":338,"column":2}}},"32":{"name":"increaseAllowance","line":340,"loc":{"start":{"line":340,"column":2},"end":{"line":343,"column":2}}},"33":{"name":"decreaseAllowance","line":345,"loc":{"start":{"line":345,"column":2},"end":{"line":351,"column":2}}},"34":{"name":"_transfer","line":353,"loc":{"start":{"line":353,"column":2},"end":{"line":367,"column":2}}},"35":{"name":"_mint","line":369,"loc":{"start":{"line":369,"column":2},"end":{"line":375,"column":2}}},"36":{"name":"_approve","line":377,"loc":{"start":{"line":377,"column":2},"end":{"line":387,"column":2}}}},"statementMap":{"1":{"start":{"line":122,"column":4},"end":{"line":122,"column":38}},"2":{"start":{"line":123,"column":4},"end":{"line":123,"column":17}},"3":{"start":{"line":124,"column":4},"end":{"line":124,"column":33}},"4":{"start":{"line":125,"column":4},"end":{"line":125,"column":35}},"5":{"start":{"line":126,"column":4},"end":{"line":126,"column":44}},"6":{"start":{"line":134,"column":4},"end":{"line":134,"column":46}},"7":{"start":{"line":135,"column":4},"end":{"line":135,"column":76}},"8":{"start":{"line":136,"column":4},"end":{"line":136,"column":35}},"9":{"start":{"line":140,"column":4},"end":{"line":140,"column":25}},"10":{"start":{"line":146,"column":4},"end":{"line":146,"column":58}},"11":{"start":{"line":147,"column":4},"end":{"line":147,"column":81}},"12":{"start":{"line":148,"column":4},"end":{"line":148,"column":28}},"13":{"start":{"line":149,"column":4},"end":{"line":149,"column":98}},"14":{"start":{"line":153,"column":4},"end":{"line":153,"column":61}},"15":{"start":{"line":154,"column":4},"end":{"line":154,"column":31}},"16":{"start":{"line":155,"column":4},"end":{"line":155,"column":51}},"17":{"start":{"line":159,"column":4},"end":{"line":159,"column":60}},"18":{"start":{"line":160,"column":4},"end":{"line":160,"column":30}},"19":{"start":{"line":161,"column":4},"end":{"line":161,"column":120}},"20":{"start":{"line":167,"column":4},"end":{"line":167,"column":66}},"21":{"start":{"line":172,"column":4},"end":{"line":172,"column":66}},"22":{"start":{"line":173,"column":4},"end":{"line":173,"column":70}},"23":{"start":{"line":180,"column":4},"end":{"line":180,"column":5526}},"24":{"start":{"line":181,"column":6},"end":{"line":181,"column":58}},"25":{"start":{"line":183,"column":6},"end":{"line":183,"column":57}},"26":{"start":{"line":190,"column":4},"end":{"line":190,"column":5773}},"27":{"start":{"line":191,"column":6},"end":{"line":191,"column":61}},"28":{"start":{"line":193,"column":6},"end":{"line":193,"column":60}},"29":{"start":{"line":204,"column":4},"end":{"line":204,"column":6062}},"30":{"start":{"line":205,"column":6},"end":{"line":205,"column":73}},"31":{"start":{"line":207,"column":6},"end":{"line":207,"column":72}},"32":{"start":{"line":214,"column":4},"end":{"line":214,"column":6350}},"33":{"start":{"line":215,"column":6},"end":{"line":215,"column":72}},"34":{"start":{"line":217,"column":6},"end":{"line":217,"column":71}},"35":{"start":{"line":224,"column":4},"end":{"line":224,"column":6641}},"36":{"start":{"line":225,"column":6},"end":{"line":225,"column":77}},"37":{"start":{"line":227,"column":6},"end":{"line":227,"column":76}},"38":{"start":{"line":234,"column":4},"end":{"line":234,"column":74}},"39":{"start":{"line":241,"column":4},"end":{"line":241,"column":16}},"40":{"start":{"line":245,"column":4},"end":{"line":245,"column":78}},"41":{"start":{"line":246,"column":4},"end":{"line":246,"column":7257}},"42":{"start":{"line":247,"column":6},"end":{"line":247,"column":62}},"43":{"start":{"line":252,"column":4},"end":{"line":252,"column":38}},"44":{"start":{"line":253,"column":4},"end":{"line":253,"column":19}},"45":{"start":{"line":257,"column":4},"end":{"line":257,"column":37}},"46":{"start":{"line":258,"column":4},"end":{"line":258,"column":33}},"47":{"start":{"line":259,"column":4},"end":{"line":259,"column":47}},"48":{"start":{"line":263,"column":4},"end":{"line":263,"column":78}},"49":{"start":{"line":264,"column":4},"end":{"line":264,"column":72}},"50":{"start":{"line":265,"column":4},"end":{"line":265,"column":68}},"51":{"start":{"line":266,"column":4},"end":{"line":266,"column":41}},"52":{"start":{"line":270,"column":4},"end":{"line":270,"column":62}},"53":{"start":{"line":271,"column":4},"end":{"line":271,"column":35}},"54":{"start":{"line":272,"column":4},"end":{"line":272,"column":58}},"55":{"start":{"line":276,"column":4},"end":{"line":276,"column":68}},"56":{"start":{"line":277,"column":4},"end":{"line":277,"column":87}},"57":{"start":{"line":278,"column":4},"end":{"line":278,"column":23}},"58":{"start":{"line":279,"column":4},"end":{"line":279,"column":36}},"59":{"start":{"line":280,"column":4},"end":{"line":280,"column":28}},"60":{"start":{"line":284,"column":4},"end":{"line":284,"column":36}},"61":{"start":{"line":285,"column":4},"end":{"line":285,"column":22}},"62":{"start":{"line":286,"column":4},"end":{"line":286,"column":27}},"63":{"start":{"line":292,"column":4},"end":{"line":292,"column":16}},"64":{"start":{"line":296,"column":4},"end":{"line":296,"column":18}},"65":{"start":{"line":300,"column":4},"end":{"line":300,"column":13}},"66":{"start":{"line":304,"column":4},"end":{"line":304,"column":23}},"67":{"start":{"line":308,"column":4},"end":{"line":308,"column":29}},"68":{"start":{"line":312,"column":4},"end":{"line":312,"column":45}},"69":{"start":{"line":313,"column":4},"end":{"line":313,"column":15}},"70":{"start":{"line":317,"column":4},"end":{"line":317,"column":38}},"71":{"start":{"line":321,"column":4},"end":{"line":321,"column":113}},"72":{"start":{"line":322,"column":4},"end":{"line":322,"column":42}},"73":{"start":{"line":323,"column":4},"end":{"line":323,"column":15}},"74":{"start":{"line":331,"column":4},"end":{"line":331,"column":39}},"75":{"start":{"line":333,"column":4},"end":{"line":333,"column":64}},"76":{"start":{"line":334,"column":4},"end":{"line":334,"column":82}},"77":{"start":{"line":335,"column":4},"end":{"line":335,"column":60}},"78":{"start":{"line":337,"column":4},"end":{"line":337,"column":15}},"79":{"start":{"line":341,"column":4},"end":{"line":341,"column":83}},"80":{"start":{"line":342,"column":4},"end":{"line":342,"column":15}},"81":{"start":{"line":346,"column":4},"end":{"line":346,"column":65}},"82":{"start":{"line":347,"column":4},"end":{"line":347,"column":88}},"83":{"start":{"line":348,"column":4},"end":{"line":348,"column":70}},"84":{"start":{"line":350,"column":4},"end":{"line":350,"column":15}},"85":{"start":{"line":358,"column":4},"end":{"line":358,"column":73}},"86":{"start":{"line":359,"column":4},"end":{"line":359,"column":74}},"87":{"start":{"line":361,"column":4},"end":{"line":361,"column":45}},"88":{"start":{"line":362,"column":4},"end":{"line":362,"column":77}},"89":{"start":{"line":363,"column":4},"end":{"line":363,"column":45}},"90":{"start":{"line":364,"column":4},"end":{"line":364,"column":33}},"91":{"start":{"line":366,"column":4},"end":{"line":366,"column":44}},"92":{"start":{"line":370,"column":4},"end":{"line":370,"column":68}},"93":{"start":{"line":372,"column":4},"end":{"line":372,"column":25}},"94":{"start":{"line":373,"column":4},"end":{"line":373,"column":31}},"95":{"start":{"line":374,"column":4},"end":{"line":374,"column":46}},"96":{"start":{"line":382,"column":4},"end":{"line":382,"column":71}},"97":{"start":{"line":383,"column":4},"end":{"line":383,"column":71}},"98":{"start":{"line":385,"column":4},"end":{"line":385,"column":39}},"99":{"start":{"line":386,"column":4},"end":{"line":386,"column":41}}},"branchMap":{"1":{"line":134,"type":"if","locations":[{"start":{"line":134,"column":4},"end":{"line":134,"column":4}},{"start":{"line":134,"column":4},"end":{"line":134,"column":4}}]},"2":{"line":135,"type":"if","locations":[{"start":{"line":135,"column":4},"end":{"line":135,"column":4}},{"start":{"line":135,"column":4},"end":{"line":135,"column":4}}]},"3":{"line":146,"type":"if","locations":[{"start":{"line":146,"column":4},"end":{"line":146,"column":4}},{"start":{"line":146,"column":4},"end":{"line":146,"column":4}}]},"4":{"line":147,"type":"if","locations":[{"start":{"line":147,"column":4},"end":{"line":147,"column":4}},{"start":{"line":147,"column":4},"end":{"line":147,"column":4}}]},"5":{"line":153,"type":"if","locations":[{"start":{"line":153,"column":4},"end":{"line":153,"column":4}},{"start":{"line":153,"column":4},"end":{"line":153,"column":4}}]},"6":{"line":159,"type":"if","locations":[{"start":{"line":159,"column":4},"end":{"line":159,"column":4}},{"start":{"line":159,"column":4},"end":{"line":159,"column":4}}]},"7":{"line":167,"type":"if","locations":[{"start":{"line":167,"column":4},"end":{"line":167,"column":4}},{"start":{"line":167,"column":4},"end":{"line":167,"column":4}}]},"8":{"line":172,"type":"if","locations":[{"start":{"line":172,"column":4},"end":{"line":172,"column":4}},{"start":{"line":172,"column":4},"end":{"line":172,"column":4}}]},"9":{"line":173,"type":"if","locations":[{"start":{"line":173,"column":4},"end":{"line":173,"column":4}},{"start":{"line":173,"column":4},"end":{"line":173,"column":4}}]},"10":{"line":180,"type":"if","locations":[{"start":{"line":180,"column":4},"end":{"line":180,"column":4}},{"start":{"line":180,"column":4},"end":{"line":180,"column":4}}]},"11":{"line":190,"type":"if","locations":[{"start":{"line":190,"column":4},"end":{"line":190,"column":4}},{"start":{"line":190,"column":4},"end":{"line":190,"column":4}}]},"12":{"line":204,"type":"if","locations":[{"start":{"line":204,"column":4},"end":{"line":204,"column":4}},{"start":{"line":204,"column":4},"end":{"line":204,"column":4}}]},"13":{"line":214,"type":"if","locations":[{"start":{"line":214,"column":4},"end":{"line":214,"column":4}},{"start":{"line":214,"column":4},"end":{"line":214,"column":4}}]},"14":{"line":224,"type":"if","locations":[{"start":{"line":224,"column":4},"end":{"line":224,"column":4}},{"start":{"line":224,"column":4},"end":{"line":224,"column":4}}]},"15":{"line":234,"type":"if","locations":[{"start":{"line":234,"column":4},"end":{"line":234,"column":4}},{"start":{"line":234,"column":4},"end":{"line":234,"column":4}}]},"16":{"line":245,"type":"if","locations":[{"start":{"line":245,"column":4},"end":{"line":245,"column":4}},{"start":{"line":245,"column":4},"end":{"line":245,"column":4}}]},"17":{"line":263,"type":"if","locations":[{"start":{"line":263,"column":4},"end":{"line":263,"column":4}},{"start":{"line":263,"column":4},"end":{"line":263,"column":4}}]},"18":{"line":264,"type":"if","locations":[{"start":{"line":264,"column":4},"end":{"line":264,"column":4}},{"start":{"line":264,"column":4},"end":{"line":264,"column":4}}]},"19":{"line":276,"type":"if","locations":[{"start":{"line":276,"column":4},"end":{"line":276,"column":4}},{"start":{"line":276,"column":4},"end":{"line":276,"column":4}}]},"20":{"line":277,"type":"if","locations":[{"start":{"line":277,"column":4},"end":{"line":277,"column":4}},{"start":{"line":277,"column":4},"end":{"line":277,"column":4}}]},"21":{"line":321,"type":"if","locations":[{"start":{"line":321,"column":4},"end":{"line":321,"column":4}},{"start":{"line":321,"column":4},"end":{"line":321,"column":4}}]},"22":{"line":334,"type":"if","locations":[{"start":{"line":334,"column":4},"end":{"line":334,"column":4}},{"start":{"line":334,"column":4},"end":{"line":334,"column":4}}]},"23":{"line":347,"type":"if","locations":[{"start":{"line":347,"column":4},"end":{"line":347,"column":4}},{"start":{"line":347,"column":4},"end":{"line":347,"column":4}}]},"24":{"line":358,"type":"if","locations":[{"start":{"line":358,"column":4},"end":{"line":358,"column":4}},{"start":{"line":358,"column":4},"end":{"line":358,"column":4}}]},"25":{"line":359,"type":"if","locations":[{"start":{"line":359,"column":4},"end":{"line":359,"column":4}},{"start":{"line":359,"column":4},"end":{"line":359,"column":4}}]},"26":{"line":362,"type":"if","locations":[{"start":{"line":362,"column":4},"end":{"line":362,"column":4}},{"start":{"line":362,"column":4},"end":{"line":362,"column":4}}]},"27":{"line":370,"type":"if","locations":[{"start":{"line":370,"column":4},"end":{"line":370,"column":4}},{"start":{"line":370,"column":4},"end":{"line":370,"column":4}}]},"28":{"line":382,"type":"if","locations":[{"start":{"line":382,"column":4},"end":{"line":382,"column":4}},{"start":{"line":382,"column":4},"end":{"line":382,"column":4}}]},"29":{"line":383,"type":"if","locations":[{"start":{"line":383,"column":4},"end":{"line":383,"column":4}},{"start":{"line":383,"column":4},"end":{"line":383,"column":4}}]}}},"contracts/AAGVestingContract.sol":{"l":{"35":3,"36":3,"37":3,"47":6,"48":6,"49":6,"50":6,"51":6,"53":6,"56":4,"57":4,"58":4,"68":4,"71":4,"76":1,"78":1,"80":1,"82":1,"84":1,"85":1,"88":1,"91":1,"94":1,"99":0,"101":0,"105":4,"106":4,"109":4,"110":4,"113":2,"116":2,"119":2,"121":2,"126":0,"143":1,"144":1,"157":3,"158":3,"163":8,"164":0,"168":8,"169":4,"173":4,"174":0,"175":0,"179":4,"180":4,"187":1,"188":1},"path":"/Users/mariussilenskis/AAGDevelopment/aag-token/contracts/AAGVestingContract.sol","s":{"1":3,"2":3,"3":3,"4":6,"5":6,"6":6,"7":6,"8":6,"9":6,"10":4,"11":4,"12":4,"13":4,"14":4,"15":1,"16":1,"17":1,"18":1,"19":1,"20":1,"21":1,"22":1,"23":1,"24":0,"25":0,"26":4,"27":4,"28":4,"29":4,"30":2,"31":2,"32":2,"33":2,"34":0,"35":1,"36":1,"37":3,"38":3,"39":8,"40":0,"41":8,"42":4,"43":4,"44":0,"45":0,"46":4,"47":4,"48":1},"b":{"1":[3,0],"2":[6,0],"3":[6,0],"4":[6,0],"5":[6,0],"6":[6,0],"7":[4,2],"8":[2,2],"9":[1,0],"10":[1,0],"11":[0,0],"12":[4,0],"13":[2,2],"14":[2,0],"15":[0,8],"16":[4,4],"17":[0,4],"18":[1,0]},"f":{"1":3,"2":6,"3":1,"4":0,"5":4,"6":0,"7":1,"8":3,"9":8,"10":1},"fnMap":{"1":{"name":"constructor","line":34,"loc":{"start":{"line":34,"column":2},"end":{"line":38,"column":2}}},"2":{"name":"createVestingSchedule","line":40,"loc":{"start":{"line":40,"column":2},"end":{"line":72,"column":2}}},"3":{"name":"cancelVestingForBeneficiary","line":75,"loc":{"start":{"line":75,"column":2},"end":{"line":95,"column":2}}},"4":{"name":"cancelVestingForBeneficiary","line":98,"loc":{"start":{"line":98,"column":2},"end":{"line":102,"column":2}}},"5":{"name":"withdraw","line":104,"loc":{"start":{"line":104,"column":2},"end":{"line":122,"column":2}}},"6":{"name":"tokenBalance","line":125,"loc":{"start":{"line":125,"column":2},"end":{"line":127,"column":2}}},"7":{"name":"vestingScheduleForBeneficiary","line":129,"loc":{"start":{"line":129,"column":2},"end":{"line":154,"column":2}}},"8":{"name":"getAvailableWithdrawAmountForAddress","line":156,"loc":{"start":{"line":156,"column":2},"end":{"line":159,"column":2}}},"9":{"name":"getAvailableWithdrawAmountForSchedule","line":161,"loc":{"start":{"line":161,"column":2},"end":{"line":181,"column":2}}},"10":{"name":"onlyAdmin","line":186,"loc":{"start":{"line":186,"column":2},"end":{"line":189,"column":2}}}},"statementMap":{"1":{"start":{"line":35,"column":4},"end":{"line":35,"column":41}},"2":{"start":{"line":36,"column":4},"end":{"line":36,"column":17}},"3":{"start":{"line":37,"column":4},"end":{"line":37,"column":17}},"4":{"start":{"line":47,"column":4},"end":{"line":47,"column":69}},"5":{"start":{"line":48,"column":4},"end":{"line":48,"column":49}},"6":{"start":{"line":49,"column":4},"end":{"line":49,"column":59}},"7":{"start":{"line":50,"column":4},"end":{"line":50,"column":92}},"8":{"start":{"line":51,"column":4},"end":{"line":51,"column":81}},"9":{"start":{"line":53,"column":4},"end":{"line":53,"column":80}},"10":{"start":{"line":56,"column":4},"end":{"line":56,"column":66}},"11":{"start":{"line":57,"column":4},"end":{"line":57,"column":76}},"12":{"start":{"line":58,"column":4},"end":{"line":58,"column":2055}},"13":{"start":{"line":68,"column":4},"end":{"line":68,"column":110}},"14":{"start":{"line":71,"column":4},"end":{"line":71,"column":115}},"15":{"start":{"line":76,"column":4},"end":{"line":76,"column":57}},"16":{"start":{"line":78,"column":4},"end":{"line":78,"column":68}},"17":{"start":{"line":80,"column":4},"end":{"line":80,"column":78}},"18":{"start":{"line":82,"column":4},"end":{"line":82,"column":43}},"19":{"start":{"line":84,"column":4},"end":{"line":84,"column":73}},"20":{"start":{"line":85,"column":4},"end":{"line":85,"column":77}},"21":{"start":{"line":88,"column":4},"end":{"line":88,"column":42}},"22":{"start":{"line":91,"column":4},"end":{"line":91,"column":87}},"23":{"start":{"line":94,"column":4},"end":{"line":94,"column":118}},"24":{"start":{"line":99,"column":4},"end":{"line":99,"column":52}},"25":{"start":{"line":101,"column":4},"end":{"line":101,"column":76}},"26":{"start":{"line":105,"column":4},"end":{"line":105,"column":58}},"27":{"start":{"line":106,"column":4},"end":{"line":106,"column":75}},"28":{"start":{"line":109,"column":4},"end":{"line":109,"column":73}},"29":{"start":{"line":110,"column":4},"end":{"line":110,"column":45}},"30":{"start":{"line":113,"column":4},"end":{"line":113,"column":60}},"31":{"start":{"line":116,"column":4},"end":{"line":116,"column":72}},"32":{"start":{"line":119,"column":4},"end":{"line":119,"column":75}},"33":{"start":{"line":121,"column":4},"end":{"line":121,"column":54}},"34":{"start":{"line":126,"column":4},"end":{"line":126,"column":41}},"35":{"start":{"line":143,"column":4},"end":{"line":143,"column":60}},"36":{"start":{"line":144,"column":4},"end":{"line":144,"column":5131}},"37":{"start":{"line":157,"column":4},"end":{"line":157,"column":60}},"38":{"start":{"line":158,"column":4},"end":{"line":158,"column":63}},"39":{"start":{"line":163,"column":4},"end":{"line":163,"column":5793}},"40":{"start":{"line":164,"column":6},"end":{"line":164,"column":14}},"41":{"start":{"line":168,"column":4},"end":{"line":168,"column":5884}},"42":{"start":{"line":169,"column":6},"end":{"line":169,"column":52}},"43":{"start":{"line":173,"column":4},"end":{"line":173,"column":6049}},"44":{"start":{"line":174,"column":6},"end":{"line":174,"column":94}},"45":{"start":{"line":175,"column":6},"end":{"line":175,"column":84}},"46":{"start":{"line":179,"column":4},"end":{"line":179,"column":83}},"47":{"start":{"line":180,"column":4},"end":{"line":180,"column":85}},"48":{"start":{"line":187,"column":6},"end":{"line":187,"column":56}}},"branchMap":{"1":{"line":35,"type":"if","locations":[{"start":{"line":35,"column":4},"end":{"line":35,"column":4}},{"start":{"line":35,"column":4},"end":{"line":35,"column":4}}]},"2":{"line":47,"type":"if","locations":[{"start":{"line":47,"column":4},"end":{"line":47,"column":4}},{"start":{"line":47,"column":4},"end":{"line":47,"column":4}}]},"3":{"line":48,"type":"if","locations":[{"start":{"line":48,"column":4},"end":{"line":48,"column":4}},{"start":{"line":48,"column":4},"end":{"line":48,"column":4}}]},"4":{"line":49,"type":"if","locations":[{"start":{"line":49,"column":4},"end":{"line":49,"column":4}},{"start":{"line":49,"column":4},"end":{"line":49,"column":4}}]},"5":{"line":50,"type":"if","locations":[{"start":{"line":50,"column":4},"end":{"line":50,"column":4}},{"start":{"line":50,"column":4},"end":{"line":50,"column":4}}]},"6":{"line":51,"type":"if","locations":[{"start":{"line":51,"column":4},"end":{"line":51,"column":4}},{"start":{"line":51,"column":4},"end":{"line":51,"column":4}}]},"7":{"line":53,"type":"if","locations":[{"start":{"line":53,"column":4},"end":{"line":53,"column":4}},{"start":{"line":53,"column":4},"end":{"line":53,"column":4}}]},"8":{"line":71,"type":"if","locations":[{"start":{"line":71,"column":4},"end":{"line":71,"column":4}},{"start":{"line":71,"column":4},"end":{"line":71,"column":4}}]},"9":{"line":78,"type":"if","locations":[{"start":{"line":78,"column":4},"end":{"line":78,"column":4}},{"start":{"line":78,"column":4},"end":{"line":78,"column":4}}]},"10":{"line":91,"type":"if","locations":[{"start":{"line":91,"column":4},"end":{"line":91,"column":4}},{"start":{"line":91,"column":4},"end":{"line":91,"column":4}}]},"11":{"line":101,"type":"if","locations":[{"start":{"line":101,"column":4},"end":{"line":101,"column":4}},{"start":{"line":101,"column":4},"end":{"line":101,"column":4}}]},"12":{"line":106,"type":"if","locations":[{"start":{"line":106,"column":4},"end":{"line":106,"column":4}},{"start":{"line":106,"column":4},"end":{"line":106,"column":4}}]},"13":{"line":110,"type":"if","locations":[{"start":{"line":110,"column":4},"end":{"line":110,"column":4}},{"start":{"line":110,"column":4},"end":{"line":110,"column":4}}]},"14":{"line":119,"type":"if","locations":[{"start":{"line":119,"column":4},"end":{"line":119,"column":4}},{"start":{"line":119,"column":4},"end":{"line":119,"column":4}}]},"15":{"line":163,"type":"if","locations":[{"start":{"line":163,"column":4},"end":{"line":163,"column":4}},{"start":{"line":163,"column":4},"end":{"line":163,"column":4}}]},"16":{"line":168,"type":"if","locations":[{"start":{"line":168,"column":4},"end":{"line":168,"column":4}},{"start":{"line":168,"column":4},"end":{"line":168,"column":4}}]},"17":{"line":173,"type":"if","locations":[{"start":{"line":173,"column":4},"end":{"line":173,"column":4}},{"start":{"line":173,"column":4},"end":{"line":173,"column":4}}]},"18":{"line":187,"type":"if","locations":[{"start":{"line":187,"column":6},"end":{"line":187,"column":6}},{"start":{"line":187,"column":6},"end":{"line":187,"column":6}}]}}},"contracts/IERC20.sol":{"l":{},"path":"/Users/mariussilenskis/AAGDevelopment/aag-token/contracts/IERC20.sol","s":{},"b":{},"f":{},"fnMap":{},"statementMap":{},"branchMap":{}}}