{"contracts/AAGToken.sol":{"l":{"8":70,"12":0,"13":0,"132":3,"133":3,"134":3,"135":3,"136":3,"144":5,"145":3,"146":3,"150":2,"156":3,"157":3,"158":3,"162":3,"163":3,"164":3,"168":3,"169":3,"170":3,"176":9,"177":9,"181":10,"182":10,"183":6,"189":3,"190":0,"191":0,"192":0,"194":3,"199":12,"200":0,"201":0,"202":0,"204":12,"213":13,"214":0,"215":0,"216":0,"218":13,"223":6,"224":0,"225":0,"226":0,"228":6,"233":3,"234":0,"235":0,"236":0,"238":3,"243":18,"244":18,"250":0,"254":0,"255":0,"256":0,"261":0,"262":0,"266":0,"267":0,"268":0,"272":0,"273":0,"274":0,"275":0,"279":0,"280":0,"281":0,"285":0,"286":0,"287":0,"288":0,"289":0,"293":0,"294":0,"295":0,"301":1,"305":1,"309":1,"313":1,"317":29,"321":12,"322":8,"326":2,"330":3,"331":3,"332":1,"340":13,"342":11,"343":11,"344":7,"346":7,"350":6,"351":4,"355":3,"356":3,"357":1,"359":1,"367":34,"368":34,"370":32,"371":32,"372":28,"373":28,"375":28,"379":3,"381":3,"382":3,"383":3,"391":17,"392":17,"394":13,"395":13},"path":"/Users/mariussilenskis/AAGDevelopment/aag-token/contracts/AAGToken.sol","s":{"1":70,"2":0,"3":3,"4":3,"5":3,"6":3,"7":3,"8":5,"9":3,"10":3,"11":2,"12":3,"13":3,"14":3,"15":3,"16":3,"17":3,"18":3,"19":3,"20":3,"21":9,"22":10,"23":10,"24":3,"25":0,"26":0,"27":12,"28":0,"29":0,"30":13,"31":0,"32":0,"33":6,"34":0,"35":0,"36":3,"37":0,"38":0,"39":18,"40":0,"41":0,"42":0,"43":0,"44":0,"45":0,"46":0,"47":0,"48":0,"49":0,"50":0,"51":0,"52":0,"53":0,"54":0,"55":0,"56":0,"57":0,"58":0,"59":0,"60":0,"61":0,"62":0,"63":0,"64":1,"65":1,"66":1,"67":1,"68":29,"69":12,"70":8,"71":2,"72":3,"73":3,"74":1,"75":13,"76":11,"77":11,"78":7,"79":7,"80":6,"81":4,"82":3,"83":3,"84":1,"85":1,"86":34,"87":34,"88":32,"89":32,"90":28,"91":28,"92":28,"93":3,"94":3,"95":3,"96":3,"97":17,"98":17,"99":13,"100":13},"b":{"1":[3,2],"2":[3,0],"3":[3,0],"4":[3,0],"5":[3,0],"6":[9,0],"7":[10,0],"8":[6,4],"9":[0,3],"10":[0,12],"11":[0,13],"12":[0,6],"13":[0,3],"14":[18,0],"15":[0,0],"16":[0,0],"17":[0,0],"18":[0,0],"19":[0,0],"20":[3,0],"21":[7,4],"22":[1,2],"23":[34,0],"24":[32,2],"25":[28,4],"26":[3,0],"27":[17,0],"28":[13,4]},"f":{"1":70,"2":0,"3":3,"4":5,"5":2,"6":3,"7":3,"8":3,"9":9,"10":10,"11":3,"12":12,"13":13,"14":6,"15":3,"16":18,"17":0,"18":0,"19":0,"20":0,"21":0,"22":0,"23":0,"24":0,"25":1,"26":1,"27":1,"28":1,"29":29,"30":12,"31":2,"32":3,"33":13,"34":6,"35":3,"36":34,"37":3,"38":17},"fnMap":{"1":{"name":"_msgSender","line":7,"loc":{"start":{"line":7,"column":2},"end":{"line":9,"column":2}}},"2":{"name":"_msgData","line":11,"loc":{"start":{"line":11,"column":2},"end":{"line":14,"column":2}}},"3":{"name":"constructor","line":126,"loc":{"start":{"line":126,"column":2},"end":{"line":137,"column":2}}},"4":{"name":"setTokenBirthday","line":143,"loc":{"start":{"line":143,"column":2},"end":{"line":147,"column":2}}},"5":{"name":"getBirthdayDate","line":149,"loc":{"start":{"line":149,"column":2},"end":{"line":151,"column":2}}},"6":{"name":"claimInitialPoolTokens","line":155,"loc":{"start":{"line":155,"column":2},"end":{"line":159,"column":2}}},"7":{"name":"claimTreasuryTokens","line":161,"loc":{"start":{"line":161,"column":2},"end":{"line":165,"column":2}}},"8":{"name":"claimVestingTokens","line":167,"loc":{"start":{"line":167,"column":2},"end":{"line":171,"column":2}}},"9":{"name":"tokenBirthdayDefined","line":175,"loc":{"start":{"line":175,"column":2},"end":{"line":178,"column":2}}},"10":{"name":"lockUpFinished","line":180,"loc":{"start":{"line":180,"column":2},"end":{"line":184,"column":2}}},"11":{"name":"lssAprove","line":188,"loc":{"start":{"line":188,"column":2},"end":{"line":196,"column":2}}},"12":{"name":"lssTransfer","line":198,"loc":{"start":{"line":198,"column":2},"end":{"line":206,"column":2}}},"13":{"name":"lssTransferFrom","line":208,"loc":{"start":{"line":208,"column":2},"end":{"line":220,"column":2}}},"14":{"name":"lssIncreaseAllowance","line":222,"loc":{"start":{"line":222,"column":2},"end":{"line":230,"column":2}}},"15":{"name":"lssDecreaseAllowance","line":232,"loc":{"start":{"line":232,"column":2},"end":{"line":240,"column":2}}},"16":{"name":"onlyRecoveryAdmin","line":242,"loc":{"start":{"line":242,"column":2},"end":{"line":245,"column":2}}},"17":{"name":"getAdmin","line":249,"loc":{"start":{"line":249,"column":2},"end":{"line":251,"column":2}}},"18":{"name":"transferOutBlacklistedFunds","line":253,"loc":{"start":{"line":253,"column":2},"end":{"line":258,"column":2}}},"19":{"name":"setLosslessAdmin","line":260,"loc":{"start":{"line":260,"column":2},"end":{"line":263,"column":2}}},"20":{"name":"transferRecoveryAdminOwnership","line":265,"loc":{"start":{"line":265,"column":2},"end":{"line":269,"column":2}}},"21":{"name":"acceptRecoveryAdminOwnership","line":271,"loc":{"start":{"line":271,"column":2},"end":{"line":276,"column":2}}},"22":{"name":"proposeLosslessTurnOff","line":278,"loc":{"start":{"line":278,"column":2},"end":{"line":282,"column":2}}},"23":{"name":"executeLosslessTurnOff","line":284,"loc":{"start":{"line":284,"column":2},"end":{"line":290,"column":2}}},"24":{"name":"executeLosslessTurnOn","line":292,"loc":{"start":{"line":292,"column":2},"end":{"line":296,"column":2}}},"25":{"name":"name","line":300,"loc":{"start":{"line":300,"column":2},"end":{"line":302,"column":2}}},"26":{"name":"symbol","line":304,"loc":{"start":{"line":304,"column":2},"end":{"line":306,"column":2}}},"27":{"name":"decimals","line":308,"loc":{"start":{"line":308,"column":2},"end":{"line":310,"column":2}}},"28":{"name":"totalSupply","line":312,"loc":{"start":{"line":312,"column":2},"end":{"line":314,"column":2}}},"29":{"name":"balanceOf","line":316,"loc":{"start":{"line":316,"column":2},"end":{"line":318,"column":2}}},"30":{"name":"transfer","line":320,"loc":{"start":{"line":320,"column":2},"end":{"line":323,"column":2}}},"31":{"name":"allowance","line":325,"loc":{"start":{"line":325,"column":2},"end":{"line":327,"column":2}}},"32":{"name":"approve","line":329,"loc":{"start":{"line":329,"column":2},"end":{"line":333,"column":2}}},"33":{"name":"transferFrom","line":339,"loc":{"start":{"line":335,"column":2},"end":{"line":347,"column":2}}},"34":{"name":"increaseAllowance","line":349,"loc":{"start":{"line":349,"column":2},"end":{"line":352,"column":2}}},"35":{"name":"decreaseAllowance","line":354,"loc":{"start":{"line":354,"column":2},"end":{"line":360,"column":2}}},"36":{"name":"_transfer","line":362,"loc":{"start":{"line":362,"column":2},"end":{"line":376,"column":2}}},"37":{"name":"_mint","line":378,"loc":{"start":{"line":378,"column":2},"end":{"line":384,"column":2}}},"38":{"name":"_approve","line":386,"loc":{"start":{"line":386,"column":2},"end":{"line":396,"column":2}}}},"statementMap":{"1":{"start":{"line":8,"column":4},"end":{"line":8,"column":21}},"2":{"start":{"line":13,"column":4},"end":{"line":13,"column":19}},"3":{"start":{"line":132,"column":4},"end":{"line":132,"column":38}},"4":{"start":{"line":133,"column":4},"end":{"line":133,"column":17}},"5":{"start":{"line":134,"column":4},"end":{"line":134,"column":33}},"6":{"start":{"line":135,"column":4},"end":{"line":135,"column":35}},"7":{"start":{"line":136,"column":4},"end":{"line":136,"column":44}},"8":{"start":{"line":144,"column":4},"end":{"line":144,"column":46}},"9":{"start":{"line":145,"column":4},"end":{"line":145,"column":76}},"10":{"start":{"line":146,"column":4},"end":{"line":146,"column":35}},"11":{"start":{"line":150,"column":4},"end":{"line":150,"column":25}},"12":{"start":{"line":156,"column":4},"end":{"line":156,"column":58}},"13":{"start":{"line":157,"column":4},"end":{"line":157,"column":28}},"14":{"start":{"line":158,"column":4},"end":{"line":158,"column":98}},"15":{"start":{"line":162,"column":4},"end":{"line":162,"column":61}},"16":{"start":{"line":163,"column":4},"end":{"line":163,"column":31}},"17":{"start":{"line":164,"column":4},"end":{"line":164,"column":51}},"18":{"start":{"line":168,"column":4},"end":{"line":168,"column":60}},"19":{"start":{"line":169,"column":4},"end":{"line":169,"column":30}},"20":{"start":{"line":170,"column":4},"end":{"line":170,"column":120}},"21":{"start":{"line":176,"column":4},"end":{"line":176,"column":66}},"22":{"start":{"line":181,"column":4},"end":{"line":181,"column":66}},"23":{"start":{"line":182,"column":4},"end":{"line":182,"column":70}},"24":{"start":{"line":189,"column":4},"end":{"line":189,"column":5741}},"25":{"start":{"line":190,"column":6},"end":{"line":190,"column":58}},"26":{"start":{"line":192,"column":6},"end":{"line":192,"column":57}},"27":{"start":{"line":199,"column":4},"end":{"line":199,"column":5988}},"28":{"start":{"line":200,"column":6},"end":{"line":200,"column":61}},"29":{"start":{"line":202,"column":6},"end":{"line":202,"column":60}},"30":{"start":{"line":213,"column":4},"end":{"line":213,"column":6277}},"31":{"start":{"line":214,"column":6},"end":{"line":214,"column":73}},"32":{"start":{"line":216,"column":6},"end":{"line":216,"column":72}},"33":{"start":{"line":223,"column":4},"end":{"line":223,"column":6565}},"34":{"start":{"line":224,"column":6},"end":{"line":224,"column":72}},"35":{"start":{"line":226,"column":6},"end":{"line":226,"column":71}},"36":{"start":{"line":233,"column":4},"end":{"line":233,"column":6856}},"37":{"start":{"line":234,"column":6},"end":{"line":234,"column":77}},"38":{"start":{"line":236,"column":6},"end":{"line":236,"column":76}},"39":{"start":{"line":243,"column":4},"end":{"line":243,"column":74}},"40":{"start":{"line":250,"column":4},"end":{"line":250,"column":16}},"41":{"start":{"line":254,"column":4},"end":{"line":254,"column":78}},"42":{"start":{"line":255,"column":4},"end":{"line":255,"column":7472}},"43":{"start":{"line":256,"column":6},"end":{"line":256,"column":62}},"44":{"start":{"line":261,"column":4},"end":{"line":261,"column":38}},"45":{"start":{"line":262,"column":4},"end":{"line":262,"column":19}},"46":{"start":{"line":266,"column":4},"end":{"line":266,"column":37}},"47":{"start":{"line":267,"column":4},"end":{"line":267,"column":33}},"48":{"start":{"line":268,"column":4},"end":{"line":268,"column":47}},"49":{"start":{"line":272,"column":4},"end":{"line":272,"column":78}},"50":{"start":{"line":273,"column":4},"end":{"line":273,"column":72}},"51":{"start":{"line":274,"column":4},"end":{"line":274,"column":68}},"52":{"start":{"line":275,"column":4},"end":{"line":275,"column":41}},"53":{"start":{"line":279,"column":4},"end":{"line":279,"column":62}},"54":{"start":{"line":280,"column":4},"end":{"line":280,"column":35}},"55":{"start":{"line":281,"column":4},"end":{"line":281,"column":58}},"56":{"start":{"line":285,"column":4},"end":{"line":285,"column":68}},"57":{"start":{"line":286,"column":4},"end":{"line":286,"column":87}},"58":{"start":{"line":287,"column":4},"end":{"line":287,"column":23}},"59":{"start":{"line":288,"column":4},"end":{"line":288,"column":36}},"60":{"start":{"line":289,"column":4},"end":{"line":289,"column":28}},"61":{"start":{"line":293,"column":4},"end":{"line":293,"column":36}},"62":{"start":{"line":294,"column":4},"end":{"line":294,"column":22}},"63":{"start":{"line":295,"column":4},"end":{"line":295,"column":27}},"64":{"start":{"line":301,"column":4},"end":{"line":301,"column":16}},"65":{"start":{"line":305,"column":4},"end":{"line":305,"column":18}},"66":{"start":{"line":309,"column":4},"end":{"line":309,"column":13}},"67":{"start":{"line":313,"column":4},"end":{"line":313,"column":23}},"68":{"start":{"line":317,"column":4},"end":{"line":317,"column":29}},"69":{"start":{"line":321,"column":4},"end":{"line":321,"column":45}},"70":{"start":{"line":322,"column":4},"end":{"line":322,"column":15}},"71":{"start":{"line":326,"column":4},"end":{"line":326,"column":38}},"72":{"start":{"line":330,"column":4},"end":{"line":330,"column":113}},"73":{"start":{"line":331,"column":4},"end":{"line":331,"column":42}},"74":{"start":{"line":332,"column":4},"end":{"line":332,"column":15}},"75":{"start":{"line":340,"column":4},"end":{"line":340,"column":39}},"76":{"start":{"line":342,"column":4},"end":{"line":342,"column":64}},"77":{"start":{"line":343,"column":4},"end":{"line":343,"column":82}},"78":{"start":{"line":344,"column":4},"end":{"line":344,"column":60}},"79":{"start":{"line":346,"column":4},"end":{"line":346,"column":15}},"80":{"start":{"line":350,"column":4},"end":{"line":350,"column":83}},"81":{"start":{"line":351,"column":4},"end":{"line":351,"column":15}},"82":{"start":{"line":355,"column":4},"end":{"line":355,"column":65}},"83":{"start":{"line":356,"column":4},"end":{"line":356,"column":88}},"84":{"start":{"line":357,"column":4},"end":{"line":357,"column":70}},"85":{"start":{"line":359,"column":4},"end":{"line":359,"column":15}},"86":{"start":{"line":367,"column":4},"end":{"line":367,"column":73}},"87":{"start":{"line":368,"column":4},"end":{"line":368,"column":74}},"88":{"start":{"line":370,"column":4},"end":{"line":370,"column":45}},"89":{"start":{"line":371,"column":4},"end":{"line":371,"column":77}},"90":{"start":{"line":372,"column":4},"end":{"line":372,"column":45}},"91":{"start":{"line":373,"column":4},"end":{"line":373,"column":33}},"92":{"start":{"line":375,"column":4},"end":{"line":375,"column":44}},"93":{"start":{"line":379,"column":4},"end":{"line":379,"column":68}},"94":{"start":{"line":381,"column":4},"end":{"line":381,"column":25}},"95":{"start":{"line":382,"column":4},"end":{"line":382,"column":31}},"96":{"start":{"line":383,"column":4},"end":{"line":383,"column":46}},"97":{"start":{"line":391,"column":4},"end":{"line":391,"column":71}},"98":{"start":{"line":392,"column":4},"end":{"line":392,"column":71}},"99":{"start":{"line":394,"column":4},"end":{"line":394,"column":39}},"100":{"start":{"line":395,"column":4},"end":{"line":395,"column":41}}},"branchMap":{"1":{"line":144,"type":"if","locations":[{"start":{"line":144,"column":4},"end":{"line":144,"column":4}},{"start":{"line":144,"column":4},"end":{"line":144,"column":4}}]},"2":{"line":145,"type":"if","locations":[{"start":{"line":145,"column":4},"end":{"line":145,"column":4}},{"start":{"line":145,"column":4},"end":{"line":145,"column":4}}]},"3":{"line":156,"type":"if","locations":[{"start":{"line":156,"column":4},"end":{"line":156,"column":4}},{"start":{"line":156,"column":4},"end":{"line":156,"column":4}}]},"4":{"line":162,"type":"if","locations":[{"start":{"line":162,"column":4},"end":{"line":162,"column":4}},{"start":{"line":162,"column":4},"end":{"line":162,"column":4}}]},"5":{"line":168,"type":"if","locations":[{"start":{"line":168,"column":4},"end":{"line":168,"column":4}},{"start":{"line":168,"column":4},"end":{"line":168,"column":4}}]},"6":{"line":176,"type":"if","locations":[{"start":{"line":176,"column":4},"end":{"line":176,"column":4}},{"start":{"line":176,"column":4},"end":{"line":176,"column":4}}]},"7":{"line":181,"type":"if","locations":[{"start":{"line":181,"column":4},"end":{"line":181,"column":4}},{"start":{"line":181,"column":4},"end":{"line":181,"column":4}}]},"8":{"line":182,"type":"if","locations":[{"start":{"line":182,"column":4},"end":{"line":182,"column":4}},{"start":{"line":182,"column":4},"end":{"line":182,"column":4}}]},"9":{"line":189,"type":"if","locations":[{"start":{"line":189,"column":4},"end":{"line":189,"column":4}},{"start":{"line":189,"column":4},"end":{"line":189,"column":4}}]},"10":{"line":199,"type":"if","locations":[{"start":{"line":199,"column":4},"end":{"line":199,"column":4}},{"start":{"line":199,"column":4},"end":{"line":199,"column":4}}]},"11":{"line":213,"type":"if","locations":[{"start":{"line":213,"column":4},"end":{"line":213,"column":4}},{"start":{"line":213,"column":4},"end":{"line":213,"column":4}}]},"12":{"line":223,"type":"if","locations":[{"start":{"line":223,"column":4},"end":{"line":223,"column":4}},{"start":{"line":223,"column":4},"end":{"line":223,"column":4}}]},"13":{"line":233,"type":"if","locations":[{"start":{"line":233,"column":4},"end":{"line":233,"column":4}},{"start":{"line":233,"column":4},"end":{"line":233,"column":4}}]},"14":{"line":243,"type":"if","locations":[{"start":{"line":243,"column":4},"end":{"line":243,"column":4}},{"start":{"line":243,"column":4},"end":{"line":243,"column":4}}]},"15":{"line":254,"type":"if","locations":[{"start":{"line":254,"column":4},"end":{"line":254,"column":4}},{"start":{"line":254,"column":4},"end":{"line":254,"column":4}}]},"16":{"line":272,"type":"if","locations":[{"start":{"line":272,"column":4},"end":{"line":272,"column":4}},{"start":{"line":272,"column":4},"end":{"line":272,"column":4}}]},"17":{"line":273,"type":"if","locations":[{"start":{"line":273,"column":4},"end":{"line":273,"column":4}},{"start":{"line":273,"column":4},"end":{"line":273,"column":4}}]},"18":{"line":285,"type":"if","locations":[{"start":{"line":285,"column":4},"end":{"line":285,"column":4}},{"start":{"line":285,"column":4},"end":{"line":285,"column":4}}]},"19":{"line":286,"type":"if","locations":[{"start":{"line":286,"column":4},"end":{"line":286,"column":4}},{"start":{"line":286,"column":4},"end":{"line":286,"column":4}}]},"20":{"line":330,"type":"if","locations":[{"start":{"line":330,"column":4},"end":{"line":330,"column":4}},{"start":{"line":330,"column":4},"end":{"line":330,"column":4}}]},"21":{"line":343,"type":"if","locations":[{"start":{"line":343,"column":4},"end":{"line":343,"column":4}},{"start":{"line":343,"column":4},"end":{"line":343,"column":4}}]},"22":{"line":356,"type":"if","locations":[{"start":{"line":356,"column":4},"end":{"line":356,"column":4}},{"start":{"line":356,"column":4},"end":{"line":356,"column":4}}]},"23":{"line":367,"type":"if","locations":[{"start":{"line":367,"column":4},"end":{"line":367,"column":4}},{"start":{"line":367,"column":4},"end":{"line":367,"column":4}}]},"24":{"line":368,"type":"if","locations":[{"start":{"line":368,"column":4},"end":{"line":368,"column":4}},{"start":{"line":368,"column":4},"end":{"line":368,"column":4}}]},"25":{"line":371,"type":"if","locations":[{"start":{"line":371,"column":4},"end":{"line":371,"column":4}},{"start":{"line":371,"column":4},"end":{"line":371,"column":4}}]},"26":{"line":379,"type":"if","locations":[{"start":{"line":379,"column":4},"end":{"line":379,"column":4}},{"start":{"line":379,"column":4},"end":{"line":379,"column":4}}]},"27":{"line":391,"type":"if","locations":[{"start":{"line":391,"column":4},"end":{"line":391,"column":4}},{"start":{"line":391,"column":4},"end":{"line":391,"column":4}}]},"28":{"line":392,"type":"if","locations":[{"start":{"line":392,"column":4},"end":{"line":392,"column":4}},{"start":{"line":392,"column":4},"end":{"line":392,"column":4}}]}}},"contracts/AAGVestingContract.sol":{"l":{"35":3,"36":3,"37":3,"47":11,"48":11,"49":11,"50":11,"52":11,"55":7,"56":7,"66":7,"69":7,"74":1,"75":1,"76":1,"78":1,"80":1,"82":1,"83":1,"86":1,"89":1,"91":1,"96":1,"98":1,"102":5,"103":5,"106":5,"107":5,"110":3,"113":3,"116":3,"118":3,"123":2,"140":3,"141":3,"154":7,"155":7,"160":13,"161":1,"165":12,"166":4,"170":8,"171":2,"172":2,"176":6,"177":6,"183":2,"184":2},"path":"/Users/mariussilenskis/AAGDevelopment/aag-token/contracts/AAGVestingContract.sol","s":{"1":3,"2":3,"3":3,"4":11,"5":11,"6":11,"7":11,"8":11,"9":7,"10":7,"11":7,"12":7,"13":1,"14":1,"15":1,"16":1,"17":1,"18":1,"19":1,"20":1,"21":1,"22":1,"23":1,"24":1,"25":5,"26":5,"27":5,"28":5,"29":3,"30":3,"31":3,"32":3,"33":2,"34":3,"35":3,"36":7,"37":7,"38":13,"39":1,"40":12,"41":4,"42":8,"43":2,"44":2,"45":6,"46":6,"47":2},"b":{"1":[3,0],"2":[11,0],"3":[11,0],"4":[11,0],"5":[11,0],"6":[7,4],"7":[5,2],"8":[1,0],"9":[1,0],"10":[1,0],"11":[1,0],"12":[5,0],"13":[3,2],"14":[3,0],"15":[1,12],"16":[4,8],"17":[2,6],"18":[2,0]},"f":{"1":3,"2":11,"3":1,"4":1,"5":5,"6":2,"7":3,"8":7,"9":13,"10":2},"fnMap":{"1":{"name":"constructor","line":34,"loc":{"start":{"line":34,"column":2},"end":{"line":38,"column":2}}},"2":{"name":"createVestingSchedule","line":41,"loc":{"start":{"line":41,"column":2},"end":{"line":70,"column":2}}},"3":{"name":"cancelVestingForBeneficiary","line":73,"loc":{"start":{"line":73,"column":2},"end":{"line":92,"column":2}}},"4":{"name":"emergencyWithdrawAllTokens","line":95,"loc":{"start":{"line":95,"column":2},"end":{"line":99,"column":2}}},"5":{"name":"withdraw","line":101,"loc":{"start":{"line":101,"column":2},"end":{"line":119,"column":2}}},"6":{"name":"tokenBalance","line":122,"loc":{"start":{"line":122,"column":2},"end":{"line":124,"column":2}}},"7":{"name":"vestingScheduleForBeneficiary","line":126,"loc":{"start":{"line":126,"column":2},"end":{"line":151,"column":2}}},"8":{"name":"getAvailableWithdrawAmountForAddress","line":153,"loc":{"start":{"line":153,"column":2},"end":{"line":156,"column":2}}},"9":{"name":"getAvailableWithdrawAmountForSchedule","line":158,"loc":{"start":{"line":158,"column":2},"end":{"line":178,"column":2}}},"10":{"name":"onlyAdmin","line":182,"loc":{"start":{"line":182,"column":2},"end":{"line":185,"column":2}}}},"statementMap":{"1":{"start":{"line":35,"column":4},"end":{"line":35,"column":41}},"2":{"start":{"line":36,"column":4},"end":{"line":36,"column":17}},"3":{"start":{"line":37,"column":4},"end":{"line":37,"column":17}},"4":{"start":{"line":47,"column":4},"end":{"line":47,"column":69}},"5":{"start":{"line":48,"column":4},"end":{"line":48,"column":49}},"6":{"start":{"line":49,"column":4},"end":{"line":49,"column":59}},"7":{"start":{"line":50,"column":4},"end":{"line":50,"column":81}},"8":{"start":{"line":52,"column":4},"end":{"line":52,"column":80}},"9":{"start":{"line":55,"column":4},"end":{"line":55,"column":66}},"10":{"start":{"line":56,"column":4},"end":{"line":56,"column":1854}},"11":{"start":{"line":66,"column":4},"end":{"line":66,"column":110}},"12":{"start":{"line":69,"column":4},"end":{"line":69,"column":117}},"13":{"start":{"line":74,"column":4},"end":{"line":74,"column":57}},"14":{"start":{"line":75,"column":4},"end":{"line":75,"column":63}},"15":{"start":{"line":76,"column":4},"end":{"line":76,"column":78}},"16":{"start":{"line":78,"column":4},"end":{"line":78,"column":78}},"17":{"start":{"line":80,"column":4},"end":{"line":80,"column":43}},"18":{"start":{"line":82,"column":4},"end":{"line":82,"column":73}},"19":{"start":{"line":83,"column":4},"end":{"line":83,"column":77}},"20":{"start":{"line":86,"column":4},"end":{"line":86,"column":42}},"21":{"start":{"line":89,"column":4},"end":{"line":89,"column":87}},"22":{"start":{"line":91,"column":4},"end":{"line":91,"column":120}},"23":{"start":{"line":96,"column":4},"end":{"line":96,"column":52}},"24":{"start":{"line":98,"column":4},"end":{"line":98,"column":71}},"25":{"start":{"line":102,"column":4},"end":{"line":102,"column":60}},"26":{"start":{"line":103,"column":4},"end":{"line":103,"column":75}},"27":{"start":{"line":106,"column":4},"end":{"line":106,"column":73}},"28":{"start":{"line":107,"column":4},"end":{"line":107,"column":45}},"29":{"start":{"line":110,"column":4},"end":{"line":110,"column":62}},"30":{"start":{"line":113,"column":4},"end":{"line":113,"column":74}},"31":{"start":{"line":116,"column":4},"end":{"line":116,"column":77}},"32":{"start":{"line":118,"column":4},"end":{"line":118,"column":56}},"33":{"start":{"line":123,"column":4},"end":{"line":123,"column":41}},"34":{"start":{"line":140,"column":4},"end":{"line":140,"column":60}},"35":{"start":{"line":141,"column":4},"end":{"line":141,"column":4943}},"36":{"start":{"line":154,"column":4},"end":{"line":154,"column":60}},"37":{"start":{"line":155,"column":4},"end":{"line":155,"column":63}},"38":{"start":{"line":160,"column":4},"end":{"line":160,"column":5605}},"39":{"start":{"line":161,"column":6},"end":{"line":161,"column":14}},"40":{"start":{"line":165,"column":4},"end":{"line":165,"column":5696}},"41":{"start":{"line":166,"column":6},"end":{"line":166,"column":52}},"42":{"start":{"line":170,"column":4},"end":{"line":170,"column":5861}},"43":{"start":{"line":171,"column":6},"end":{"line":171,"column":94}},"44":{"start":{"line":172,"column":6},"end":{"line":172,"column":84}},"45":{"start":{"line":176,"column":4},"end":{"line":176,"column":83}},"46":{"start":{"line":177,"column":4},"end":{"line":177,"column":85}},"47":{"start":{"line":183,"column":4},"end":{"line":183,"column":54}}},"branchMap":{"1":{"line":35,"type":"if","locations":[{"start":{"line":35,"column":4},"end":{"line":35,"column":4}},{"start":{"line":35,"column":4},"end":{"line":35,"column":4}}]},"2":{"line":47,"type":"if","locations":[{"start":{"line":47,"column":4},"end":{"line":47,"column":4}},{"start":{"line":47,"column":4},"end":{"line":47,"column":4}}]},"3":{"line":48,"type":"if","locations":[{"start":{"line":48,"column":4},"end":{"line":48,"column":4}},{"start":{"line":48,"column":4},"end":{"line":48,"column":4}}]},"4":{"line":49,"type":"if","locations":[{"start":{"line":49,"column":4},"end":{"line":49,"column":4}},{"start":{"line":49,"column":4},"end":{"line":49,"column":4}}]},"5":{"line":50,"type":"if","locations":[{"start":{"line":50,"column":4},"end":{"line":50,"column":4}},{"start":{"line":50,"column":4},"end":{"line":50,"column":4}}]},"6":{"line":52,"type":"if","locations":[{"start":{"line":52,"column":4},"end":{"line":52,"column":4}},{"start":{"line":52,"column":4},"end":{"line":52,"column":4}}]},"7":{"line":69,"type":"if","locations":[{"start":{"line":69,"column":4},"end":{"line":69,"column":4}},{"start":{"line":69,"column":4},"end":{"line":69,"column":4}}]},"8":{"line":75,"type":"if","locations":[{"start":{"line":75,"column":4},"end":{"line":75,"column":4}},{"start":{"line":75,"column":4},"end":{"line":75,"column":4}}]},"9":{"line":76,"type":"if","locations":[{"start":{"line":76,"column":4},"end":{"line":76,"column":4}},{"start":{"line":76,"column":4},"end":{"line":76,"column":4}}]},"10":{"line":89,"type":"if","locations":[{"start":{"line":89,"column":4},"end":{"line":89,"column":4}},{"start":{"line":89,"column":4},"end":{"line":89,"column":4}}]},"11":{"line":98,"type":"if","locations":[{"start":{"line":98,"column":4},"end":{"line":98,"column":4}},{"start":{"line":98,"column":4},"end":{"line":98,"column":4}}]},"12":{"line":103,"type":"if","locations":[{"start":{"line":103,"column":4},"end":{"line":103,"column":4}},{"start":{"line":103,"column":4},"end":{"line":103,"column":4}}]},"13":{"line":107,"type":"if","locations":[{"start":{"line":107,"column":4},"end":{"line":107,"column":4}},{"start":{"line":107,"column":4},"end":{"line":107,"column":4}}]},"14":{"line":116,"type":"if","locations":[{"start":{"line":116,"column":4},"end":{"line":116,"column":4}},{"start":{"line":116,"column":4},"end":{"line":116,"column":4}}]},"15":{"line":160,"type":"if","locations":[{"start":{"line":160,"column":4},"end":{"line":160,"column":4}},{"start":{"line":160,"column":4},"end":{"line":160,"column":4}}]},"16":{"line":165,"type":"if","locations":[{"start":{"line":165,"column":4},"end":{"line":165,"column":4}},{"start":{"line":165,"column":4},"end":{"line":165,"column":4}}]},"17":{"line":170,"type":"if","locations":[{"start":{"line":170,"column":4},"end":{"line":170,"column":4}},{"start":{"line":170,"column":4},"end":{"line":170,"column":4}}]},"18":{"line":183,"type":"if","locations":[{"start":{"line":183,"column":4},"end":{"line":183,"column":4}},{"start":{"line":183,"column":4},"end":{"line":183,"column":4}}]}}},"contracts/IERC20.sol":{"l":{},"path":"/Users/mariussilenskis/AAGDevelopment/aag-token/contracts/IERC20.sol","s":{},"b":{},"f":{},"fnMap":{},"statementMap":{},"branchMap":{}}}